0 info it worked if it ends with ok
1 verbose cli [ 'C:\\Users\\Noisiv\\AppData\\Local\\.meteor\\packages\\meteor-tool\\1.4.2_3\\mt-os.windows.x86_32\\dev_bundle\\bin\\node.exe',
1 verbose cli   'C:\\Users\\Noisiv\\AppData\\Local\\.meteor\\packages\\meteor-tool\\1.4.2_3\\mt-os.windows.x86_32\\dev_bundle\\lib\\node_modules\\npm\\bin\\npm-cli.js',
1 verbose cli   'install',
1 verbose cli   '--save',
1 verbose cli   'canvas' ]
2 info using npm@3.10.9
3 info using node@v4.6.2
4 silly loadCurrentTree Starting
5 silly install loadCurrentTree
6 silly install readLocalPackageData
7 silly fetchPackageMetaData canvas
8 silly fetchNamedPackageData canvas
9 silly mapToRegistry name canvas
10 silly mapToRegistry using default registry
11 silly mapToRegistry registry https://registry.npmjs.org/
12 silly mapToRegistry data Result {
12 silly mapToRegistry   raw: 'canvas',
12 silly mapToRegistry   scope: null,
12 silly mapToRegistry   escapedName: 'canvas',
12 silly mapToRegistry   name: 'canvas',
12 silly mapToRegistry   rawSpec: '',
12 silly mapToRegistry   spec: 'latest',
12 silly mapToRegistry   type: 'tag' }
13 silly mapToRegistry uri https://registry.npmjs.org/canvas
14 verbose request uri https://registry.npmjs.org/canvas
15 verbose request no auth needed
16 info attempt registry request try #1 at 1:07:32 PM
17 verbose request id 844cf924534dca88
18 verbose etag W/"5840247d-1e475"
19 verbose lastModified Thu, 01 Dec 2016 13:24:13 GMT
20 http request GET https://registry.npmjs.org/canvas
21 http 304 https://registry.npmjs.org/canvas
22 verbose headers { date: 'Mon, 09 Jan 2017 12:07:32 GMT',
22 verbose headers   via: '1.1 varnish',
22 verbose headers   'cache-control': 'max-age=300',
22 verbose headers   etag: 'W/"5840247d-1e475"',
22 verbose headers   age: '206',
22 verbose headers   connection: 'keep-alive',
22 verbose headers   'x-served-by': 'cache-lhr6334-LHR',
22 verbose headers   'x-cache': 'HIT',
22 verbose headers   'x-cache-hits': '1',
22 verbose headers   'x-timer': 'S1483963652.393641,VS0,VE0',
22 verbose headers   vary: 'Accept-Encoding' }
23 silly get cb [ 304,
23 silly get   { date: 'Mon, 09 Jan 2017 12:07:32 GMT',
23 silly get     via: '1.1 varnish',
23 silly get     'cache-control': 'max-age=300',
23 silly get     etag: 'W/"5840247d-1e475"',
23 silly get     age: '206',
23 silly get     connection: 'keep-alive',
23 silly get     'x-served-by': 'cache-lhr6334-LHR',
23 silly get     'x-cache': 'HIT',
23 silly get     'x-cache-hits': '1',
23 silly get     'x-timer': 'S1483963652.393641,VS0,VE0',
23 silly get     vary: 'Accept-Encoding' } ]
24 verbose etag https://registry.npmjs.org/canvas from cache
25 verbose get saving canvas to C:\Users\Noisiv\AppData\Local\.meteor\packages\meteor-tool\1.4.2_3\mt-os.windows.x86_32\dev_bundle\.npm\registry.npmjs.org\canvas\.cache.json
26 verbose correctMkdir C:\Users\Noisiv\AppData\Local\.meteor\packages\meteor-tool\1.4.2_3\mt-os.windows.x86_32\dev_bundle\.npm correctMkdir not in flight; initializing
27 silly install normalizeTree
28 silly loadCurrentTree Finishing
29 silly loadIdealTree Starting
30 silly install loadIdealTree
31 silly cloneCurrentTree Starting
32 silly install cloneCurrentTreeToIdealTree
33 silly cloneCurrentTree Finishing
34 silly loadShrinkwrap Starting
35 silly install loadShrinkwrap
36 silly loadShrinkwrap Finishing
37 silly loadAllDepsIntoIdealTree Starting
38 silly install loadAllDepsIntoIdealTree
39 silly resolveWithNewModule canvas@1.6.2 checking installable status
40 silly cache add args [ 'canvas', null ]
41 verbose cache add spec canvas
42 silly cache add parsed spec Result {
42 silly cache add   raw: 'canvas',
42 silly cache add   scope: null,
42 silly cache add   escapedName: 'canvas',
42 silly cache add   name: 'canvas',
42 silly cache add   rawSpec: '',
42 silly cache add   spec: 'latest',
42 silly cache add   type: 'tag' }
43 silly addNamed canvas@latest
44 verbose addNamed "latest" is being treated as a dist-tag for canvas
45 info addNameTag [ 'canvas', 'latest' ]
46 silly mapToRegistry name canvas
47 silly mapToRegistry using default registry
48 silly mapToRegistry registry https://registry.npmjs.org/
49 silly mapToRegistry data Result {
49 silly mapToRegistry   raw: 'canvas',
49 silly mapToRegistry   scope: null,
49 silly mapToRegistry   escapedName: 'canvas',
49 silly mapToRegistry   name: 'canvas',
49 silly mapToRegistry   rawSpec: '',
49 silly mapToRegistry   spec: 'latest',
49 silly mapToRegistry   type: 'tag' }
50 silly mapToRegistry uri https://registry.npmjs.org/canvas
51 verbose addNameTag registry:https://registry.npmjs.org/canvas not in flight; fetching
52 verbose get https://registry.npmjs.org/canvas not expired, no request
53 silly addNameTag next cb for canvas with tag latest
54 silly addNamed canvas@1.6.2
55 verbose addNamed "1.6.2" is a plain semver version for canvas
56 silly cache afterAdd canvas@1.6.2
57 verbose afterAdd C:\Users\Noisiv\AppData\Local\.meteor\packages\meteor-tool\1.4.2_3\mt-os.windows.x86_32\dev_bundle\.npm\canvas\1.6.2\package\package.json not in flight; writing
58 verbose correctMkdir C:\Users\Noisiv\AppData\Local\.meteor\packages\meteor-tool\1.4.2_3\mt-os.windows.x86_32\dev_bundle\.npm correctMkdir not in flight; initializing
59 verbose afterAdd C:\Users\Noisiv\AppData\Local\.meteor\packages\meteor-tool\1.4.2_3\mt-os.windows.x86_32\dev_bundle\.npm\canvas\1.6.2\package\package.json written
60 silly fetchNamedPackageData nan
61 silly mapToRegistry name nan
62 silly mapToRegistry using default registry
63 silly mapToRegistry registry https://registry.npmjs.org/
64 silly mapToRegistry data Result {
64 silly mapToRegistry   raw: 'nan',
64 silly mapToRegistry   scope: null,
64 silly mapToRegistry   escapedName: 'nan',
64 silly mapToRegistry   name: 'nan',
64 silly mapToRegistry   rawSpec: '',
64 silly mapToRegistry   spec: 'latest',
64 silly mapToRegistry   type: 'tag' }
65 silly mapToRegistry uri https://registry.npmjs.org/nan
66 verbose request uri https://registry.npmjs.org/nan
67 verbose request no auth needed
68 info attempt registry request try #1 at 1:07:32 PM
69 verbose etag W/"585acecf-1d7db"
70 verbose lastModified Wed, 21 Dec 2016 18:49:51 GMT
71 http request GET https://registry.npmjs.org/nan
72 http 304 https://registry.npmjs.org/nan
73 verbose headers { date: 'Mon, 09 Jan 2017 12:07:32 GMT',
73 verbose headers   via: '1.1 varnish',
73 verbose headers   'cache-control': 'max-age=300',
73 verbose headers   etag: 'W/"585acecf-1d7db"',
73 verbose headers   age: '72',
73 verbose headers   connection: 'keep-alive',
73 verbose headers   'x-served-by': 'cache-lhr6334-LHR',
73 verbose headers   'x-cache': 'HIT',
73 verbose headers   'x-cache-hits': '3',
73 verbose headers   'x-timer': 'S1483963652.990588,VS0,VE0',
73 verbose headers   vary: 'Accept-Encoding' }
74 silly get cb [ 304,
74 silly get   { date: 'Mon, 09 Jan 2017 12:07:32 GMT',
74 silly get     via: '1.1 varnish',
74 silly get     'cache-control': 'max-age=300',
74 silly get     etag: 'W/"585acecf-1d7db"',
74 silly get     age: '72',
74 silly get     connection: 'keep-alive',
74 silly get     'x-served-by': 'cache-lhr6334-LHR',
74 silly get     'x-cache': 'HIT',
74 silly get     'x-cache-hits': '3',
74 silly get     'x-timer': 'S1483963652.990588,VS0,VE0',
74 silly get     vary: 'Accept-Encoding' } ]
75 verbose etag https://registry.npmjs.org/nan from cache
76 verbose get saving nan to C:\Users\Noisiv\AppData\Local\.meteor\packages\meteor-tool\1.4.2_3\mt-os.windows.x86_32\dev_bundle\.npm\registry.npmjs.org\nan\.cache.json
77 verbose correctMkdir C:\Users\Noisiv\AppData\Local\.meteor\packages\meteor-tool\1.4.2_3\mt-os.windows.x86_32\dev_bundle\.npm correctMkdir not in flight; initializing
78 silly resolveWithNewModule nan@2.5.0 checking installable status
79 silly cache add args [ 'nan@^2.4.0', null ]
80 verbose cache add spec nan@^2.4.0
81 silly cache add parsed spec Result {
81 silly cache add   raw: 'nan@^2.4.0',
81 silly cache add   scope: null,
81 silly cache add   escapedName: 'nan',
81 silly cache add   name: 'nan',
81 silly cache add   rawSpec: '^2.4.0',
81 silly cache add   spec: '>=2.4.0 <3.0.0',
81 silly cache add   type: 'range' }
82 silly addNamed nan@>=2.4.0 <3.0.0
83 verbose addNamed ">=2.4.0 <3.0.0" is a valid semver range for nan
84 silly addNameRange { name: 'nan', range: '>=2.4.0 <3.0.0', hasData: false }
85 silly mapToRegistry name nan
86 silly mapToRegistry using default registry
87 silly mapToRegistry registry https://registry.npmjs.org/
88 silly mapToRegistry data Result {
88 silly mapToRegistry   raw: 'nan',
88 silly mapToRegistry   scope: null,
88 silly mapToRegistry   escapedName: 'nan',
88 silly mapToRegistry   name: 'nan',
88 silly mapToRegistry   rawSpec: '',
88 silly mapToRegistry   spec: 'latest',
88 silly mapToRegistry   type: 'tag' }
89 silly mapToRegistry uri https://registry.npmjs.org/nan
90 verbose addNameRange registry:https://registry.npmjs.org/nan not in flight; fetching
91 verbose get https://registry.npmjs.org/nan not expired, no request
92 silly addNameRange number 2 { name: 'nan', range: '>=2.4.0 <3.0.0', hasData: true }
93 silly addNameRange versions [ 'nan',
93 silly addNameRange   [ '0.3.0-wip',
93 silly addNameRange     '0.3.0-wip2',
93 silly addNameRange     '0.3.0',
93 silly addNameRange     '0.3.1',
93 silly addNameRange     '0.3.2',
93 silly addNameRange     '0.4.0',
93 silly addNameRange     '0.4.1',
93 silly addNameRange     '0.4.2',
93 silly addNameRange     '0.4.3',
93 silly addNameRange     '0.4.4',
93 silly addNameRange     '0.5.0',
93 silly addNameRange     '0.5.1',
93 silly addNameRange     '0.5.2',
93 silly addNameRange     '0.6.0',
93 silly addNameRange     '0.7.0',
93 silly addNameRange     '0.7.1',
93 silly addNameRange     '0.8.0',
93 silly addNameRange     '1.0.0',
93 silly addNameRange     '1.1.0',
93 silly addNameRange     '1.1.1',
93 silly addNameRange     '1.1.2',
93 silly addNameRange     '1.2.0',
93 silly addNameRange     '1.3.0',
93 silly addNameRange     '1.4.0',
93 silly addNameRange     '1.4.1',
93 silly addNameRange     '1.5.0',
93 silly addNameRange     '1.4.2',
93 silly addNameRange     '1.4.3',
93 silly addNameRange     '1.5.1',
93 silly addNameRange     '1.5.2',
93 silly addNameRange     '1.6.0',
93 silly addNameRange     '1.5.3',
93 silly addNameRange     '1.6.1',
93 silly addNameRange     '1.6.2',
93 silly addNameRange     '1.7.0',
93 silly addNameRange     '1.8.0',
93 silly addNameRange     '1.8.1',
93 silly addNameRange     '1.8.2',
93 silly addNameRange     '1.8.3',
93 silly addNameRange     '1.8.4',
93 silly addNameRange     '1.9.0',
93 silly addNameRange     '2.0.0',
93 silly addNameRange     '2.0.1',
93 silly addNameRange     '2.0.2',
93 silly addNameRange     '2.0.3',
93 silly addNameRange     '2.0.4',
93 silly addNameRange     '2.0.5',
93 silly addNameRange     '2.0.6',
93 silly addNameRange     '2.0.7',
93 silly addNameRange     '2.0.8',
93 silly addNameRange     '2.0.9',
93 silly addNameRange     '2.1.0',
93 silly addNameRange     '2.2.0',
93 silly addNameRange     '2.2.1',
93 silly addNameRange     '2.3.0',
93 silly addNameRange     '2.3.1',
93 silly addNameRange     '2.3.2',
93 silly addNameRange     '2.3.3',
93 silly addNameRange     '2.3.4',
93 silly addNameRange     '2.3.5',
93 silly addNameRange     '2.4.0',
93 silly addNameRange     '2.5.0' ] ]
94 silly addNamed nan@2.5.0
95 verbose addNamed "2.5.0" is a plain semver version for nan
96 silly cache afterAdd nan@2.5.0
97 verbose afterAdd C:\Users\Noisiv\AppData\Local\.meteor\packages\meteor-tool\1.4.2_3\mt-os.windows.x86_32\dev_bundle\.npm\nan\2.5.0\package\package.json not in flight; writing
98 verbose correctMkdir C:\Users\Noisiv\AppData\Local\.meteor\packages\meteor-tool\1.4.2_3\mt-os.windows.x86_32\dev_bundle\.npm correctMkdir not in flight; initializing
99 verbose afterAdd C:\Users\Noisiv\AppData\Local\.meteor\packages\meteor-tool\1.4.2_3\mt-os.windows.x86_32\dev_bundle\.npm\nan\2.5.0\package\package.json written
100 silly loadAllDepsIntoIdealTree Finishing
101 silly loadIdealTree Finishing
102 silly currentTree drumloop@
102 silly currentTree +-- abab@1.0.3
102 silly currentTree +-- acorn-globals@1.0.9
102 silly currentTree +-- acorn@2.7.0
102 silly currentTree +-- amdefine@1.0.1
102 silly currentTree +-- ansi-regex@2.0.0
102 silly currentTree +-- ansi-styles@2.2.1
102 silly currentTree +-- array-equal@1.0.0
102 silly currentTree +-- asap@2.0.5
102 silly currentTree +-- asn1@0.2.3
102 silly currentTree +-- assert-plus@0.2.0
102 silly currentTree +-- asynckit@0.4.0
102 silly currentTree +-- aws-sign2@0.6.0
102 silly currentTree +-- aws4@1.5.0
102 silly currentTree +-- babel-runtime@6.18.0
102 silly currentTree +-- bcrypt-pbkdf@1.0.0
102 silly currentTree +-- boom@2.10.1
102 silly currentTree +-- caseless@0.11.0
102 silly currentTree +-- chalk@1.1.3
102 silly currentTree +-- combined-stream@1.0.5
102 silly currentTree +-- commander@2.9.0
102 silly currentTree +-- content-type-parser@1.0.1
102 silly currentTree +-- core-js@2.4.1
102 silly currentTree +-- cryptiles@2.0.5
102 silly currentTree +-- cssom@0.3.1
102 silly currentTree +-- cssstyle@0.2.37
102 silly currentTree +-- dashdash@1.14.1
102 silly currentTree | `-- assert-plus@1.0.0
102 silly currentTree +-- deep-is@0.1.3
102 silly currentTree +-- delayed-stream@1.0.0
102 silly currentTree +-- ecc-jsbn@0.1.1
102 silly currentTree +-- encoding@0.1.12
102 silly currentTree +-- escape-string-regexp@1.0.5
102 silly currentTree +-- escodegen@1.8.1
102 silly currentTree +-- esprima@2.7.3
102 silly currentTree +-- estraverse@1.9.3
102 silly currentTree +-- esutils@2.0.2
102 silly currentTree +-- extend@3.0.0
102 silly currentTree +-- extsprintf@1.0.2
102 silly currentTree +-- fast-levenshtein@2.0.6
102 silly currentTree +-- fbjs@0.8.8
102 silly currentTree | `-- core-js@1.2.7
102 silly currentTree +-- forever-agent@0.6.1
102 silly currentTree +-- form-data@2.1.2
102 silly currentTree +-- generate-function@2.0.0
102 silly currentTree +-- generate-object-property@1.2.0
102 silly currentTree +-- getpass@0.1.6
102 silly currentTree | `-- assert-plus@1.0.0
102 silly currentTree +-- graceful-readlink@1.0.1
102 silly currentTree +-- har-validator@2.0.6
102 silly currentTree +-- has-ansi@2.0.0
102 silly currentTree +-- hawk@3.1.3
102 silly currentTree +-- history@3.2.1
102 silly currentTree +-- hoek@2.16.3
102 silly currentTree +-- hoist-non-react-statics@1.2.0
102 silly currentTree +-- html-encoding-sniffer@1.0.1
102 silly currentTree +-- http-signature@1.1.1
102 silly currentTree +-- iconv-lite@0.4.15
102 silly currentTree +-- invariant@2.2.2
102 silly currentTree +-- is-my-json-valid@2.15.0
102 silly currentTree +-- is-property@1.0.2
102 silly currentTree +-- is-stream@1.1.0
102 silly currentTree +-- is-typedarray@1.0.0
102 silly currentTree +-- isomorphic-fetch@2.2.1
102 silly currentTree +-- isstream@0.1.2
102 silly currentTree +-- jodid25519@1.0.2
102 silly currentTree +-- js-tokens@2.0.0
102 silly currentTree +-- jsbn@0.1.0
102 silly currentTree +-- jsdom@9.9.1
102 silly currentTree +-- json-schema@0.2.3
102 silly currentTree +-- json-stringify-safe@5.0.1
102 silly currentTree +-- jsonpointer@4.0.1
102 silly currentTree +-- jsprim@1.3.1
102 silly currentTree +-- konva@1.2.2
102 silly currentTree +-- levn@0.3.0
102 silly currentTree +-- loose-envify@1.3.0
102 silly currentTree +-- meteor-node-stubs@0.2.4
102 silly currentTree | +-- asn1.js@4.9.0
102 silly currentTree | +-- assert@1.4.1
102 silly currentTree | +-- base64-js@1.2.0
102 silly currentTree | +-- Base64@0.2.1
102 silly currentTree | +-- bn.js@4.11.6
102 silly currentTree | +-- brorand@1.0.6
102 silly currentTree | +-- browserify-aes@1.0.6
102 silly currentTree | +-- browserify-cipher@1.0.0
102 silly currentTree | +-- browserify-des@1.0.0
102 silly currentTree | +-- browserify-rsa@4.0.1
102 silly currentTree | +-- browserify-sign@4.0.0
102 silly currentTree | +-- browserify-zlib@0.1.4
102 silly currentTree | +-- buffer-shims@1.0.0
102 silly currentTree | +-- buffer-xor@1.0.3
102 silly currentTree | +-- buffer@4.9.1
102 silly currentTree | +-- cipher-base@1.0.3
102 silly currentTree | +-- console-browserify@1.1.0
102 silly currentTree | +-- constants-browserify@1.0.0
102 silly currentTree | +-- core-util-is@1.0.2
102 silly currentTree | +-- create-ecdh@4.0.0
102 silly currentTree | +-- create-hash@1.1.2
102 silly currentTree | +-- create-hmac@1.1.4
102 silly currentTree | +-- crypto-browserify@3.11.0
102 silly currentTree | +-- date-now@0.1.4
102 silly currentTree | +-- des.js@1.0.0
102 silly currentTree | +-- diffie-hellman@5.0.2
102 silly currentTree | +-- domain-browser@1.1.7
102 silly currentTree | +-- elliptic@6.3.2
102 silly currentTree | +-- events@1.1.1
102 silly currentTree | +-- evp_bytestokey@1.0.0
102 silly currentTree | +-- hash.js@1.0.3
102 silly currentTree | +-- http-browserify@1.7.0
102 silly currentTree | +-- https-browserify@0.0.1
102 silly currentTree | +-- ieee754@1.1.8
102 silly currentTree | +-- indexof@0.0.1
102 silly currentTree | +-- inherits@2.0.1
102 silly currentTree | +-- isarray@1.0.0
102 silly currentTree | +-- miller-rabin@4.0.0
102 silly currentTree | +-- minimalistic-assert@1.0.0
102 silly currentTree | +-- os-browserify@0.2.1
102 silly currentTree | +-- pako@0.2.9
102 silly currentTree | +-- parse-asn1@5.0.0
102 silly currentTree | +-- path-browserify@0.0.0
102 silly currentTree | +-- pbkdf2@3.0.9
102 silly currentTree | +-- process-nextick-args@1.0.7
102 silly currentTree | +-- process@0.11.9
102 silly currentTree | +-- public-encrypt@4.0.0
102 silly currentTree | +-- punycode@1.4.1
102 silly currentTree | +-- querystring-es3@0.2.1
102 silly currentTree | +-- querystring@0.2.0
102 silly currentTree | +-- randombytes@2.0.3
102 silly currentTree | +-- readable-stream@2.2.1
102 silly currentTree | +-- ripemd160@1.0.1
102 silly currentTree | +-- sha.js@2.4.8
102 silly currentTree | +-- stream-browserify@2.0.1
102 silly currentTree | +-- string_decoder@0.10.31
102 silly currentTree | +-- timers-browserify@1.4.2
102 silly currentTree | +-- tty-browserify@0.0.0
102 silly currentTree | +-- url@0.11.0
102 silly currentTree | | `-- punycode@1.3.2
102 silly currentTree | +-- util-deprecate@1.0.2
102 silly currentTree | +-- util@0.10.3
102 silly currentTree | `-- vm-browserify@0.0.4
102 silly currentTree +-- mime-db@1.25.0
102 silly currentTree +-- mime-types@2.1.13
102 silly currentTree +-- node-fetch@1.6.3
102 silly currentTree +-- nwmatcher@1.3.9
102 silly currentTree +-- oauth-sign@0.8.2
102 silly currentTree +-- object-assign@4.1.0
102 silly currentTree +-- optionator@0.8.2
102 silly currentTree +-- parse5@1.5.1
102 silly currentTree +-- pinkie-promise@2.0.1
102 silly currentTree +-- pinkie@2.0.4
102 silly currentTree +-- prelude-ls@1.1.2
102 silly currentTree +-- promise@7.1.1
102 silly currentTree +-- punycode@1.4.1
102 silly currentTree +-- qs@6.3.0
102 silly currentTree +-- query-string@4.2.3
102 silly currentTree +-- react-dom@15.4.2
102 silly currentTree +-- react-konva@1.1.1
102 silly currentTree +-- react-router@3.0.0
102 silly currentTree +-- react@15.4.2
102 silly currentTree +-- regenerator-runtime@0.9.6
102 silly currentTree +-- request@2.79.0
102 silly currentTree +-- sax@1.2.1
102 silly currentTree +-- setimmediate@1.0.5
102 silly currentTree +-- sntp@1.0.9
102 silly currentTree +-- source-map@0.2.0
102 silly currentTree +-- sshpk@1.10.1
102 silly currentTree | `-- assert-plus@1.0.0
102 silly currentTree +-- strict-uri-encode@1.1.0
102 silly currentTree +-- stringstream@0.0.5
102 silly currentTree +-- strip-ansi@3.0.1
102 silly currentTree +-- supports-color@2.0.0
102 silly currentTree +-- symbol-tree@3.2.1
102 silly currentTree +-- tough-cookie@2.3.2
102 silly currentTree +-- tr46@0.0.3
102 silly currentTree +-- tunnel-agent@0.4.3
102 silly currentTree +-- tweetnacl@0.14.5
102 silly currentTree +-- type-check@0.3.2
102 silly currentTree +-- ua-parser-js@0.7.12
102 silly currentTree +-- uuid@3.0.1
102 silly currentTree +-- verror@1.3.6
102 silly currentTree +-- warning@3.0.0
102 silly currentTree +-- webidl-conversions@3.0.1
102 silly currentTree +-- whatwg-encoding@1.0.1
102 silly currentTree | `-- iconv-lite@0.4.13
102 silly currentTree +-- whatwg-fetch@2.0.1
102 silly currentTree +-- whatwg-url@4.2.0
102 silly currentTree +-- wordwrap@1.0.0
102 silly currentTree +-- xml-name-validator@2.0.1
102 silly currentTree `-- xtend@4.0.1
103 silly idealTree drumloop@
103 silly idealTree +-- abab@1.0.3
103 silly idealTree +-- acorn-globals@1.0.9
103 silly idealTree +-- acorn@2.7.0
103 silly idealTree +-- amdefine@1.0.1
103 silly idealTree +-- ansi-regex@2.0.0
103 silly idealTree +-- ansi-styles@2.2.1
103 silly idealTree +-- array-equal@1.0.0
103 silly idealTree +-- asap@2.0.5
103 silly idealTree +-- asn1@0.2.3
103 silly idealTree +-- assert-plus@0.2.0
103 silly idealTree +-- asynckit@0.4.0
103 silly idealTree +-- aws-sign2@0.6.0
103 silly idealTree +-- aws4@1.5.0
103 silly idealTree +-- babel-runtime@6.18.0
103 silly idealTree +-- bcrypt-pbkdf@1.0.0
103 silly idealTree +-- boom@2.10.1
103 silly idealTree +-- canvas@1.6.2
103 silly idealTree +-- caseless@0.11.0
103 silly idealTree +-- chalk@1.1.3
103 silly idealTree +-- combined-stream@1.0.5
103 silly idealTree +-- commander@2.9.0
103 silly idealTree +-- content-type-parser@1.0.1
103 silly idealTree +-- core-js@2.4.1
103 silly idealTree +-- cryptiles@2.0.5
103 silly idealTree +-- cssom@0.3.1
103 silly idealTree +-- cssstyle@0.2.37
103 silly idealTree +-- dashdash@1.14.1
103 silly idealTree | `-- assert-plus@1.0.0
103 silly idealTree +-- deep-is@0.1.3
103 silly idealTree +-- delayed-stream@1.0.0
103 silly idealTree +-- ecc-jsbn@0.1.1
103 silly idealTree +-- encoding@0.1.12
103 silly idealTree +-- escape-string-regexp@1.0.5
103 silly idealTree +-- escodegen@1.8.1
103 silly idealTree +-- esprima@2.7.3
103 silly idealTree +-- estraverse@1.9.3
103 silly idealTree +-- esutils@2.0.2
103 silly idealTree +-- extend@3.0.0
103 silly idealTree +-- extsprintf@1.0.2
103 silly idealTree +-- fast-levenshtein@2.0.6
103 silly idealTree +-- fbjs@0.8.8
103 silly idealTree | `-- core-js@1.2.7
103 silly idealTree +-- forever-agent@0.6.1
103 silly idealTree +-- form-data@2.1.2
103 silly idealTree +-- generate-function@2.0.0
103 silly idealTree +-- generate-object-property@1.2.0
103 silly idealTree +-- getpass@0.1.6
103 silly idealTree | `-- assert-plus@1.0.0
103 silly idealTree +-- graceful-readlink@1.0.1
103 silly idealTree +-- har-validator@2.0.6
103 silly idealTree +-- has-ansi@2.0.0
103 silly idealTree +-- hawk@3.1.3
103 silly idealTree +-- history@3.2.1
103 silly idealTree +-- hoek@2.16.3
103 silly idealTree +-- hoist-non-react-statics@1.2.0
103 silly idealTree +-- html-encoding-sniffer@1.0.1
103 silly idealTree +-- http-signature@1.1.1
103 silly idealTree +-- iconv-lite@0.4.15
103 silly idealTree +-- invariant@2.2.2
103 silly idealTree +-- is-my-json-valid@2.15.0
103 silly idealTree +-- is-property@1.0.2
103 silly idealTree +-- is-stream@1.1.0
103 silly idealTree +-- is-typedarray@1.0.0
103 silly idealTree +-- isomorphic-fetch@2.2.1
103 silly idealTree +-- isstream@0.1.2
103 silly idealTree +-- jodid25519@1.0.2
103 silly idealTree +-- js-tokens@2.0.0
103 silly idealTree +-- jsbn@0.1.0
103 silly idealTree +-- jsdom@9.9.1
103 silly idealTree +-- json-schema@0.2.3
103 silly idealTree +-- json-stringify-safe@5.0.1
103 silly idealTree +-- jsonpointer@4.0.1
103 silly idealTree +-- jsprim@1.3.1
103 silly idealTree +-- konva@1.2.2
103 silly idealTree +-- levn@0.3.0
103 silly idealTree +-- loose-envify@1.3.0
103 silly idealTree +-- meteor-node-stubs@0.2.4
103 silly idealTree | +-- asn1.js@4.9.0
103 silly idealTree | +-- assert@1.4.1
103 silly idealTree | +-- base64-js@1.2.0
103 silly idealTree | +-- Base64@0.2.1
103 silly idealTree | +-- bn.js@4.11.6
103 silly idealTree | +-- brorand@1.0.6
103 silly idealTree | +-- browserify-aes@1.0.6
103 silly idealTree | +-- browserify-cipher@1.0.0
103 silly idealTree | +-- browserify-des@1.0.0
103 silly idealTree | +-- browserify-rsa@4.0.1
103 silly idealTree | +-- browserify-sign@4.0.0
103 silly idealTree | +-- browserify-zlib@0.1.4
103 silly idealTree | +-- buffer-shims@1.0.0
103 silly idealTree | +-- buffer-xor@1.0.3
103 silly idealTree | +-- buffer@4.9.1
103 silly idealTree | +-- cipher-base@1.0.3
103 silly idealTree | +-- console-browserify@1.1.0
103 silly idealTree | +-- constants-browserify@1.0.0
103 silly idealTree | +-- core-util-is@1.0.2
103 silly idealTree | +-- create-ecdh@4.0.0
103 silly idealTree | +-- create-hash@1.1.2
103 silly idealTree | +-- create-hmac@1.1.4
103 silly idealTree | +-- crypto-browserify@3.11.0
103 silly idealTree | +-- date-now@0.1.4
103 silly idealTree | +-- des.js@1.0.0
103 silly idealTree | +-- diffie-hellman@5.0.2
103 silly idealTree | +-- domain-browser@1.1.7
103 silly idealTree | +-- elliptic@6.3.2
103 silly idealTree | +-- events@1.1.1
103 silly idealTree | +-- evp_bytestokey@1.0.0
103 silly idealTree | +-- hash.js@1.0.3
103 silly idealTree | +-- http-browserify@1.7.0
103 silly idealTree | +-- https-browserify@0.0.1
103 silly idealTree | +-- ieee754@1.1.8
103 silly idealTree | +-- indexof@0.0.1
103 silly idealTree | +-- inherits@2.0.1
103 silly idealTree | +-- isarray@1.0.0
103 silly idealTree | +-- miller-rabin@4.0.0
103 silly idealTree | +-- minimalistic-assert@1.0.0
103 silly idealTree | +-- os-browserify@0.2.1
103 silly idealTree | +-- pako@0.2.9
103 silly idealTree | +-- parse-asn1@5.0.0
103 silly idealTree | +-- path-browserify@0.0.0
103 silly idealTree | +-- pbkdf2@3.0.9
103 silly idealTree | +-- process-nextick-args@1.0.7
103 silly idealTree | +-- process@0.11.9
103 silly idealTree | +-- public-encrypt@4.0.0
103 silly idealTree | +-- punycode@1.4.1
103 silly idealTree | +-- querystring-es3@0.2.1
103 silly idealTree | +-- querystring@0.2.0
103 silly idealTree | +-- randombytes@2.0.3
103 silly idealTree | +-- readable-stream@2.2.1
103 silly idealTree | +-- ripemd160@1.0.1
103 silly idealTree | +-- sha.js@2.4.8
103 silly idealTree | +-- stream-browserify@2.0.1
103 silly idealTree | +-- string_decoder@0.10.31
103 silly idealTree | +-- timers-browserify@1.4.2
103 silly idealTree | +-- tty-browserify@0.0.0
103 silly idealTree | +-- url@0.11.0
103 silly idealTree | | `-- punycode@1.3.2
103 silly idealTree | +-- util-deprecate@1.0.2
103 silly idealTree | +-- util@0.10.3
103 silly idealTree | `-- vm-browserify@0.0.4
103 silly idealTree +-- mime-db@1.25.0
103 silly idealTree +-- mime-types@2.1.13
103 silly idealTree +-- nan@2.5.0
103 silly idealTree +-- node-fetch@1.6.3
103 silly idealTree +-- nwmatcher@1.3.9
103 silly idealTree +-- oauth-sign@0.8.2
103 silly idealTree +-- object-assign@4.1.0
103 silly idealTree +-- optionator@0.8.2
103 silly idealTree +-- parse5@1.5.1
103 silly idealTree +-- pinkie-promise@2.0.1
103 silly idealTree +-- pinkie@2.0.4
103 silly idealTree +-- prelude-ls@1.1.2
103 silly idealTree +-- promise@7.1.1
103 silly idealTree +-- punycode@1.4.1
103 silly idealTree +-- qs@6.3.0
103 silly idealTree +-- query-string@4.2.3
103 silly idealTree +-- react-dom@15.4.2
103 silly idealTree +-- react-konva@1.1.1
103 silly idealTree +-- react-router@3.0.0
103 silly idealTree +-- react@15.4.2
103 silly idealTree +-- regenerator-runtime@0.9.6
103 silly idealTree +-- request@2.79.0
103 silly idealTree +-- sax@1.2.1
103 silly idealTree +-- setimmediate@1.0.5
103 silly idealTree +-- sntp@1.0.9
103 silly idealTree +-- source-map@0.2.0
103 silly idealTree +-- sshpk@1.10.1
103 silly idealTree | `-- assert-plus@1.0.0
103 silly idealTree +-- strict-uri-encode@1.1.0
103 silly idealTree +-- stringstream@0.0.5
103 silly idealTree +-- strip-ansi@3.0.1
103 silly idealTree +-- supports-color@2.0.0
103 silly idealTree +-- symbol-tree@3.2.1
103 silly idealTree +-- tough-cookie@2.3.2
103 silly idealTree +-- tr46@0.0.3
103 silly idealTree +-- tunnel-agent@0.4.3
103 silly idealTree +-- tweetnacl@0.14.5
103 silly idealTree +-- type-check@0.3.2
103 silly idealTree +-- ua-parser-js@0.7.12
103 silly idealTree +-- uuid@3.0.1
103 silly idealTree +-- verror@1.3.6
103 silly idealTree +-- warning@3.0.0
103 silly idealTree +-- webidl-conversions@3.0.1
103 silly idealTree +-- whatwg-encoding@1.0.1
103 silly idealTree | `-- iconv-lite@0.4.13
103 silly idealTree +-- whatwg-fetch@2.0.1
103 silly idealTree +-- whatwg-url@4.2.0
103 silly idealTree +-- wordwrap@1.0.0
103 silly idealTree +-- xml-name-validator@2.0.1
103 silly idealTree `-- xtend@4.0.1
104 silly generateActionsToTake Starting
105 silly install generateActionsToTake
106 silly generateActionsToTake Finishing
107 silly diffTrees action count 2
108 silly diffTrees add nan@2.5.0
109 silly diffTrees add canvas@1.6.2
110 silly decomposeActions action count 16
111 silly decomposeActions fetch nan@2.5.0
112 silly decomposeActions extract nan@2.5.0
113 silly decomposeActions test nan@2.5.0
114 silly decomposeActions preinstall nan@2.5.0
115 silly decomposeActions build nan@2.5.0
116 silly decomposeActions install nan@2.5.0
117 silly decomposeActions postinstall nan@2.5.0
118 silly decomposeActions finalize nan@2.5.0
119 silly decomposeActions fetch canvas@1.6.2
120 silly decomposeActions extract canvas@1.6.2
121 silly decomposeActions test canvas@1.6.2
122 silly decomposeActions preinstall canvas@1.6.2
123 silly decomposeActions build canvas@1.6.2
124 silly decomposeActions install canvas@1.6.2
125 silly decomposeActions postinstall canvas@1.6.2
126 silly decomposeActions finalize canvas@1.6.2
127 silly runTopLevelLifecycles Starting
128 silly executeActions Starting
129 silly install executeActions
130 silly doSerial global-install 0
131 silly doParallel fetch 2
132 verbose correctMkdir C:\Users\Noisiv\AppData\Local\.meteor\packages\meteor-tool\1.4.2_3\mt-os.windows.x86_32\dev_bundle\.npm\_locks correctMkdir not in flight; initializing
133 verbose lock using C:\Users\Noisiv\AppData\Local\.meteor\packages\meteor-tool\1.4.2_3\mt-os.windows.x86_32\dev_bundle\.npm\_locks\staging-119b95ae2de00bba.lock for C:\Users\Noisiv\Downloads\drumloop\drumloop\node_modules\.staging
134 silly doParallel extract 2
135 silly extract nan@2.5.0
136 silly extract canvas@1.6.2
137 verbose unbuild node_modules\.staging\nan-cc6eef40
138 verbose unbuild node_modules\.staging\canvas-1656914e
139 silly gentlyRm C:\Users\Noisiv\Downloads\drumloop\drumloop\node_modules\.staging\nan-cc6eef40 is being purged from base C:\Users\Noisiv\Downloads\drumloop\drumloop
140 verbose gentlyRm don't care about contents; nuking C:\Users\Noisiv\Downloads\drumloop\drumloop\node_modules\.staging\nan-cc6eef40
141 silly gentlyRm C:\Users\Noisiv\Downloads\drumloop\drumloop\node_modules\.staging\canvas-1656914e is being purged from base C:\Users\Noisiv\Downloads\drumloop\drumloop
142 verbose gentlyRm don't care about contents; nuking C:\Users\Noisiv\Downloads\drumloop\drumloop\node_modules\.staging\canvas-1656914e
143 verbose tar unpack C:\Users\Noisiv\AppData\Local\.meteor\packages\meteor-tool\1.4.2_3\mt-os.windows.x86_32\dev_bundle\.npm\nan\2.5.0\package.tgz
144 verbose tar unpacking to C:\Users\Noisiv\Downloads\drumloop\drumloop\node_modules\.staging\nan-cc6eef40
145 silly gentlyRm C:\Users\Noisiv\Downloads\drumloop\drumloop\node_modules\.staging\nan-cc6eef40 is being purged
146 verbose gentlyRm don't care about contents; nuking C:\Users\Noisiv\Downloads\drumloop\drumloop\node_modules\.staging\nan-cc6eef40
147 verbose tar unpack C:\Users\Noisiv\AppData\Local\.meteor\packages\meteor-tool\1.4.2_3\mt-os.windows.x86_32\dev_bundle\.npm\canvas\1.6.2\package.tgz
148 verbose tar unpacking to C:\Users\Noisiv\Downloads\drumloop\drumloop\node_modules\.staging\canvas-1656914e
149 silly gentlyRm C:\Users\Noisiv\Downloads\drumloop\drumloop\node_modules\.staging\canvas-1656914e is being purged
150 verbose gentlyRm don't care about contents; nuking C:\Users\Noisiv\Downloads\drumloop\drumloop\node_modules\.staging\canvas-1656914e
151 silly gunzTarPerm modes [ '777', '666' ]
152 silly gunzTarPerm modes [ '777', '666' ]
153 silly gunzTarPerm extractEntry package.json
154 silly gunzTarPerm modified mode [ 'package.json', 436, 438 ]
155 silly gunzTarPerm extractEntry package.json
156 silly gunzTarPerm modified mode [ 'package.json', 420, 438 ]
157 silly gunzTarPerm extractEntry README.md
158 silly gunzTarPerm modified mode [ 'README.md', 436, 438 ]
159 silly gunzTarPerm extractEntry .npmignore
160 silly gunzTarPerm modified mode [ '.npmignore', 420, 438 ]
161 silly gunzTarPerm extractEntry index.js
162 silly gunzTarPerm modified mode [ 'index.js', 420, 438 ]
163 silly gunzTarPerm extractEntry include_dirs.js
164 silly gunzTarPerm modified mode [ 'include_dirs.js', 436, 438 ]
165 silly gunzTarPerm extractEntry nan_converters.h
166 silly gunzTarPerm modified mode [ 'nan_converters.h', 436, 438 ]
167 silly gunzTarPerm extractEntry CHANGELOG.md
168 silly gunzTarPerm modified mode [ 'CHANGELOG.md', 436, 438 ]
169 silly gunzTarPerm extractEntry LICENSE.md
170 silly gunzTarPerm modified mode [ 'LICENSE.md', 436, 438 ]
171 silly gunzTarPerm extractEntry .travis.yml
172 silly gunzTarPerm modified mode [ '.travis.yml', 420, 438 ]
173 silly gunzTarPerm extractEntry History.md
174 silly gunzTarPerm modified mode [ 'History.md', 420, 438 ]
175 silly gunzTarPerm extractEntry doc/node_misc.md
176 silly gunzTarPerm modified mode [ 'doc/node_misc.md', 436, 438 ]
177 silly gunzTarPerm extractEntry Readme.md
178 silly gunzTarPerm modified mode [ 'Readme.md', 420, 438 ]
179 silly gunzTarPerm extractEntry doc/asyncworker.md
180 silly gunzTarPerm modified mode [ 'doc/asyncworker.md', 436, 438 ]
181 silly gunzTarPerm extractEntry doc/callback.md
182 silly gunzTarPerm modified mode [ 'doc/callback.md', 436, 438 ]
183 silly gunzTarPerm extractEntry binding.gyp
184 silly gunzTarPerm modified mode [ 'binding.gyp', 493, 511 ]
185 silly gunzTarPerm extractEntry .github/ISSUE_TEMPLATE.md
186 silly gunzTarPerm modified mode [ '.github/ISSUE_TEMPLATE.md', 420, 438 ]
187 silly gunzTarPerm extractEntry doc/converters.md
188 silly gunzTarPerm modified mode [ 'doc/converters.md', 436, 438 ]
189 silly gunzTarPerm extractEntry doc/errors.md
190 silly gunzTarPerm modified mode [ 'doc/errors.md', 436, 438 ]
191 silly gunzTarPerm extractEntry lib/bindings.js
192 silly gunzTarPerm modified mode [ 'lib/bindings.js', 420, 438 ]
193 silly gunzTarPerm extractEntry lib/canvas.js
194 silly gunzTarPerm modified mode [ 'lib/canvas.js', 420, 438 ]
195 silly gunzTarPerm extractEntry lib/context2d.js
196 silly gunzTarPerm modified mode [ 'lib/context2d.js', 420, 438 ]
197 silly gunzTarPerm extractEntry lib/image.js
198 silly gunzTarPerm modified mode [ 'lib/image.js', 420, 438 ]
199 silly gunzTarPerm extractEntry doc/maybe_types.md
200 silly gunzTarPerm modified mode [ 'doc/maybe_types.md', 436, 438 ]
201 silly gunzTarPerm extractEntry doc/methods.md
202 silly gunzTarPerm modified mode [ 'doc/methods.md', 436, 438 ]
203 silly gunzTarPerm extractEntry doc/new.md
204 silly gunzTarPerm modified mode [ 'doc/new.md', 436, 438 ]
205 silly gunzTarPerm extractEntry lib/jpegstream.js
206 silly gunzTarPerm modified mode [ 'lib/jpegstream.js', 420, 438 ]
207 silly gunzTarPerm extractEntry lib/pdfstream.js
208 silly gunzTarPerm modified mode [ 'lib/pdfstream.js', 420, 438 ]
209 silly gunzTarPerm extractEntry doc/buffers.md
210 silly gunzTarPerm modified mode [ 'doc/buffers.md', 436, 438 ]
211 silly gunzTarPerm extractEntry doc/object_wrappers.md
212 silly gunzTarPerm modified mode [ 'doc/object_wrappers.md', 436, 438 ]
213 silly gunzTarPerm extractEntry lib/pngstream.js
214 silly gunzTarPerm modified mode [ 'lib/pngstream.js', 420, 438 ]
215 silly gunzTarPerm extractEntry src/Image.cc
216 silly gunzTarPerm modified mode [ 'src/Image.cc', 420, 438 ]
217 silly gunzTarPerm extractEntry doc/persistent.md
218 silly gunzTarPerm modified mode [ 'doc/persistent.md', 436, 438 ]
219 silly gunzTarPerm extractEntry doc/scopes.md
220 silly gunzTarPerm modified mode [ 'doc/scopes.md', 436, 438 ]
221 silly gunzTarPerm extractEntry src/Canvas.cc
222 silly gunzTarPerm modified mode [ 'src/Canvas.cc', 420, 438 ]
223 silly gunzTarPerm extractEntry src/CanvasGradient.cc
224 silly gunzTarPerm modified mode [ 'src/CanvasGradient.cc', 420, 438 ]
225 silly gunzTarPerm extractEntry doc/script.md
226 silly gunzTarPerm modified mode [ 'doc/script.md', 436, 438 ]
227 silly gunzTarPerm extractEntry doc/string_bytes.md
228 silly gunzTarPerm modified mode [ 'doc/string_bytes.md', 436, 438 ]
229 silly gunzTarPerm extractEntry doc/v8_internals.md
230 silly gunzTarPerm modified mode [ 'doc/v8_internals.md', 436, 438 ]
231 silly gunzTarPerm extractEntry doc/v8_misc.md
232 silly gunzTarPerm modified mode [ 'doc/v8_misc.md', 436, 438 ]
233 silly gunzTarPerm extractEntry src/CanvasGradient.h
234 silly gunzTarPerm modified mode [ 'src/CanvasGradient.h', 420, 438 ]
235 silly gunzTarPerm extractEntry src/CanvasPattern.cc
236 silly gunzTarPerm modified mode [ 'src/CanvasPattern.cc', 420, 438 ]
237 silly gunzTarPerm extractEntry nan.h
238 silly gunzTarPerm modified mode [ 'nan.h', 436, 438 ]
239 silly gunzTarPerm extractEntry nan_callbacks.h
240 silly gunzTarPerm modified mode [ 'nan_callbacks.h', 436, 438 ]
241 silly gunzTarPerm extractEntry src/CanvasPattern.h
242 silly gunzTarPerm modified mode [ 'src/CanvasPattern.h', 420, 438 ]
243 silly gunzTarPerm extractEntry src/CanvasRenderingContext2d.cc
244 silly gunzTarPerm modified mode [ 'src/CanvasRenderingContext2d.cc', 493, 511 ]
245 silly gunzTarPerm extractEntry nan_callbacks_12_inl.h
246 silly gunzTarPerm modified mode [ 'nan_callbacks_12_inl.h', 436, 438 ]
247 silly gunzTarPerm extractEntry nan_callbacks_pre_12_inl.h
248 silly gunzTarPerm modified mode [ 'nan_callbacks_pre_12_inl.h', 436, 438 ]
249 silly gunzTarPerm extractEntry src/CanvasRenderingContext2d.h
250 silly gunzTarPerm modified mode [ 'src/CanvasRenderingContext2d.h', 420, 438 ]
251 silly gunzTarPerm extractEntry src/FontFace.cc
252 silly gunzTarPerm modified mode [ 'src/FontFace.cc', 493, 511 ]
253 silly gunzTarPerm extractEntry nan_converters_43_inl.h
254 silly gunzTarPerm modified mode [ 'nan_converters_43_inl.h', 436, 438 ]
255 silly gunzTarPerm extractEntry nan_converters_pre_43_inl.h
256 silly gunzTarPerm modified mode [ 'nan_converters_pre_43_inl.h', 436, 438 ]
257 silly gunzTarPerm extractEntry nan_implementation_12_inl.h
258 silly gunzTarPerm modified mode [ 'nan_implementation_12_inl.h', 436, 438 ]
259 silly gunzTarPerm extractEntry src/FontFace.h
260 silly gunzTarPerm modified mode [ 'src/FontFace.h', 420, 438 ]
261 silly gunzTarPerm extractEntry src/Canvas.h
262 silly gunzTarPerm modified mode [ 'src/Canvas.h', 420, 438 ]
263 silly gunzTarPerm extractEntry nan_implementation_pre_12_inl.h
264 silly gunzTarPerm modified mode [ 'nan_implementation_pre_12_inl.h', 436, 438 ]
265 silly gunzTarPerm extractEntry nan_maybe_43_inl.h
266 silly gunzTarPerm modified mode [ 'nan_maybe_43_inl.h', 436, 438 ]
267 silly gunzTarPerm extractEntry nan_maybe_pre_43_inl.h
268 silly gunzTarPerm modified mode [ 'nan_maybe_pre_43_inl.h', 436, 438 ]
269 silly gunzTarPerm extractEntry nan_new.h
270 silly gunzTarPerm modified mode [ 'nan_new.h', 436, 438 ]
271 silly gunzTarPerm extractEntry nan_object_wrap.h
272 silly gunzTarPerm modified mode [ 'nan_object_wrap.h', 436, 438 ]
273 silly gunzTarPerm extractEntry src/Image.h
274 silly gunzTarPerm modified mode [ 'src/Image.h', 420, 438 ]
275 silly gunzTarPerm extractEntry src/ImageData.cc
276 silly gunzTarPerm modified mode [ 'src/ImageData.cc', 420, 438 ]
277 silly gunzTarPerm extractEntry nan_persistent_12_inl.h
278 silly gunzTarPerm modified mode [ 'nan_persistent_12_inl.h', 436, 438 ]
279 silly gunzTarPerm extractEntry nan_persistent_pre_12_inl.h
280 silly gunzTarPerm modified mode [ 'nan_persistent_pre_12_inl.h', 436, 438 ]
281 silly gunzTarPerm extractEntry src/ImageData.h
282 silly gunzTarPerm modified mode [ 'src/ImageData.h', 420, 438 ]
283 silly gunzTarPerm extractEntry src/JPEGStream.h
284 silly gunzTarPerm modified mode [ 'src/JPEGStream.h', 420, 438 ]
285 silly gunzTarPerm extractEntry nan_private.h
286 silly gunzTarPerm modified mode [ 'nan_private.h', 436, 438 ]
287 silly gunzTarPerm extractEntry nan_string_bytes.h
288 silly gunzTarPerm modified mode [ 'nan_string_bytes.h', 436, 438 ]
289 silly gunzTarPerm extractEntry src/PNG.h
290 silly gunzTarPerm modified mode [ 'src/PNG.h', 420, 438 ]
291 silly gunzTarPerm extractEntry src/Point.h
292 silly gunzTarPerm modified mode [ 'src/Point.h', 420, 438 ]
293 silly gunzTarPerm extractEntry nan_typedarray_contents.h
294 silly gunzTarPerm modified mode [ 'nan_typedarray_contents.h', 436, 438 ]
295 silly gunzTarPerm extractEntry nan_weak.h
296 silly gunzTarPerm modified mode [ 'nan_weak.h', 436, 438 ]
297 silly gunzTarPerm extractEntry src/closure.h
298 silly gunzTarPerm modified mode [ 'src/closure.h', 420, 438 ]
299 silly gunzTarPerm extractEntry src/color.cc
300 silly gunzTarPerm modified mode [ 'src/color.cc', 420, 438 ]
301 silly gunzTarPerm extractEntry src/color.h
302 silly gunzTarPerm modified mode [ 'src/color.h', 420, 438 ]
303 silly gunzTarPerm extractEntry src/init.cc
304 silly gunzTarPerm modified mode [ 'src/init.cc', 493, 511 ]
305 silly gunzTarPerm extractEntry tools/package.json
306 silly gunzTarPerm modified mode [ 'tools/package.json', 436, 438 ]
307 silly gunzTarPerm extractEntry tools/README.md
308 silly gunzTarPerm modified mode [ 'tools/README.md', 436, 438 ]
309 silly gunzTarPerm extractEntry util/has_lib.sh
310 silly gunzTarPerm modified mode [ 'util/has_lib.sh', 493, 511 ]
311 silly gunzTarPerm extractEntry tools/1to2.js
312 silly gunzTarPerm modified mode [ 'tools/1to2.js', 509, 511 ]
313 silly gentlyRm C:\Users\Noisiv\Downloads\drumloop\drumloop\node_modules\.staging\canvas-1656914e\node_modules is being purged
314 verbose gentlyRm don't care about contents; nuking C:\Users\Noisiv\Downloads\drumloop\drumloop\node_modules\.staging\canvas-1656914e\node_modules
315 silly gentlyRm C:\Users\Noisiv\Downloads\drumloop\drumloop\node_modules\.staging\nan-cc6eef40\node_modules is being purged
316 verbose gentlyRm don't care about contents; nuking C:\Users\Noisiv\Downloads\drumloop\drumloop\node_modules\.staging\nan-cc6eef40\node_modules
317 silly doParallel preinstall 2
318 silly preinstall nan@2.5.0 C:\Users\Noisiv\Downloads\drumloop\drumloop\node_modules\.staging\nan-cc6eef40
319 info lifecycle nan@2.5.0~preinstall: nan@2.5.0
320 silly preinstall canvas@1.6.2 C:\Users\Noisiv\Downloads\drumloop\drumloop\node_modules\.staging\canvas-1656914e
321 info lifecycle canvas@1.6.2~preinstall: canvas@1.6.2
322 silly lifecycle nan@2.5.0~preinstall: no script for preinstall, continuing
323 silly lifecycle canvas@1.6.2~preinstall: no script for preinstall, continuing
324 silly doReverseSerial remove 0
325 silly doSerial move 0
326 silly doSerial finalize 2
327 silly finalize C:\Users\Noisiv\Downloads\drumloop\drumloop\node_modules\nan
328 silly finalize C:\Users\Noisiv\Downloads\drumloop\drumloop\node_modules\canvas
329 silly doSerial build 2
330 silly build nan@2.5.0
331 info linkStuff nan@2.5.0
332 silly linkStuff nan@2.5.0 has C:\Users\Noisiv\Downloads\drumloop\drumloop\node_modules as its parent node_modules
333 verbose linkBins nan@2.5.0
334 verbose linkMans nan@2.5.0
335 silly build canvas@1.6.2
336 info linkStuff canvas@1.6.2
337 silly linkStuff canvas@1.6.2 has C:\Users\Noisiv\Downloads\drumloop\drumloop\node_modules as its parent node_modules
338 verbose linkBins canvas@1.6.2
339 verbose linkMans canvas@1.6.2
340 silly doSerial global-link 0
341 silly doParallel update-linked 0
342 silly doSerial install 2
343 silly install nan@2.5.0 C:\Users\Noisiv\Downloads\drumloop\drumloop\node_modules\.staging\nan-cc6eef40
344 info lifecycle nan@2.5.0~install: nan@2.5.0
345 silly lifecycle nan@2.5.0~install: no script for install, continuing
346 silly install canvas@1.6.2 C:\Users\Noisiv\Downloads\drumloop\drumloop\node_modules\.staging\canvas-1656914e
347 info lifecycle canvas@1.6.2~install: canvas@1.6.2
348 verbose lifecycle canvas@1.6.2~install: unsafe-perm in lifecycle true
349 verbose lifecycle canvas@1.6.2~install: PATH: C:\Users\Noisiv\AppData\Local\.meteor\packages\meteor-tool\1.4.2_3\mt-os.windows.x86_32\dev_bundle\lib\node_modules\npm\bin\node-gyp-bin;C:\Users\Noisiv\Downloads\drumloop\drumloop\node_modules\canvas\node_modules\.bin;C:\Users\Noisiv\Downloads\drumloop\drumloop\node_modules\.bin;C:\Users\Noisiv\AppData\Local\.meteor\packages\meteor-tool\1.4.2_3\mt-os.windows.x86_32\dev_bundle\bin;C:\Users\Noisiv\AppData\Local\.meteor\packages\meteor-tool\1.4.2_3\mt-os.windows.x86_32\dev_bundle\lib\node_modules\.bin;C:\ProgramData\Oracle\Java\javapath;C:\Program Files\Broadcom\Broadcom 802.11 Network Adapter\Driver;C:\Program Files (x86)\Intel\TXE Components\TCS\;C:\Program Files\Intel\TXE Components\TCS\;C:\WINDOWS\system32;C:\WINDOWS;C:\WINDOWS\System32\Wbem;C:\WINDOWS\System32\WindowsPowerShell\v1.0\;C:\Program Files\Intel\TXE Components\DAL\;C:\Program Files (x86)\Intel\TXE Components\DAL\;C:\Program Files\Intel\TXE Components\IPT\;C:\Program Files (x86)\Intel\TXE Components\IPT\;C:\Program Files (x86)\Skype\Phone\;C:\MinGW\bin;C:\Program Files\nodejs\;C:\Program Files\Git\cmd;C:\xampp\php;C:\ProgramData\ComposerSetup\bin;C:\Program Files (x86)\QuickTime\QTSystem\;C:\RailsInstaller\Git\cmd;C:\RailsInstaller\Ruby2.2.0\bin;C:\Users\Noisiv\AppData\Roaming\npm;C:\Users\Noisiv\AppData\Roaming\Composer\vendor\bin;C:\Users\Noisiv\AppData\Local\.meteor\;C:\Program Files (x86)\Pandoc\;C:\Users\Noisiv\AppData\Local\Microsoft\WindowsApps;C:\Users\Noisiv\AppData\Local\atom\bin
350 verbose lifecycle canvas@1.6.2~install: CWD: C:\Users\Noisiv\Downloads\drumloop\drumloop\node_modules\canvas
351 silly lifecycle canvas@1.6.2~install: Args: [ '/d /s /c', 'node-gyp rebuild' ]
352 silly lifecycle canvas@1.6.2~install: Returned: code: 1  signal: null
353 info lifecycle canvas@1.6.2~install: Failed to exec install script
354 verbose unlock done using C:\Users\Noisiv\AppData\Local\.meteor\packages\meteor-tool\1.4.2_3\mt-os.windows.x86_32\dev_bundle\.npm\_locks\staging-119b95ae2de00bba.lock for C:\Users\Noisiv\Downloads\drumloop\drumloop\node_modules\.staging
355 silly rollbackFailedOptional Starting
356 silly rollbackFailedOptional Finishing
357 silly runTopLevelLifecycles Finishing
358 silly install printInstalled
359 verbose stack Error: canvas@1.6.2 install: `node-gyp rebuild`
359 verbose stack Exit status 1
359 verbose stack     at EventEmitter.<anonymous> (C:\Users\Noisiv\AppData\Local\.meteor\packages\meteor-tool\1.4.2_3\mt-os.windows.x86_32\dev_bundle\lib\node_modules\npm\lib\utils\lifecycle.js:255:16)
359 verbose stack     at emitTwo (events.js:87:13)
359 verbose stack     at EventEmitter.emit (events.js:172:7)
359 verbose stack     at ChildProcess.<anonymous> (C:\Users\Noisiv\AppData\Local\.meteor\packages\meteor-tool\1.4.2_3\mt-os.windows.x86_32\dev_bundle\lib\node_modules\npm\lib\utils\spawn.js:40:14)
359 verbose stack     at emitTwo (events.js:87:13)
359 verbose stack     at ChildProcess.emit (events.js:172:7)
359 verbose stack     at maybeClose (internal/child_process.js:854:16)
359 verbose stack     at Process.ChildProcess._handle.onexit (internal/child_process.js:222:5)
360 verbose pkgid canvas@1.6.2
361 verbose cwd C:\Users\Noisiv\Downloads\drumloop\drumloop
362 error Windows_NT 10.0.14393
363 error argv "C:\\Users\\Noisiv\\AppData\\Local\\.meteor\\packages\\meteor-tool\\1.4.2_3\\mt-os.windows.x86_32\\dev_bundle\\bin\\node.exe" "C:\\Users\\Noisiv\\AppData\\Local\\.meteor\\packages\\meteor-tool\\1.4.2_3\\mt-os.windows.x86_32\\dev_bundle\\lib\\node_modules\\npm\\bin\\npm-cli.js" "install" "--save" "canvas"
364 error node v4.6.2
365 error npm  v3.10.9
366 error code ELIFECYCLE
367 error canvas@1.6.2 install: `node-gyp rebuild`
367 error Exit status 1
368 error Failed at the canvas@1.6.2 install script 'node-gyp rebuild'.
368 error Make sure you have the latest version of node.js and npm installed.
368 error If you do, this is most likely a problem with the canvas package,
368 error not with npm itself.
368 error Tell the author that this fails on your system:
368 error     node-gyp rebuild
368 error You can get information on how to open an issue for this project with:
368 error     npm bugs canvas
368 error Or if that isn't available, you can get their info via:
368 error     npm owner ls canvas
368 error There is likely additional logging output above.
369 verbose exit [ 1, true ]
